2026-01-19 16:01:26 [INFO] Running step: scan_datasets
2026-01-19 16:01:26 [INFO] Step scan_datasets finished in 0.24s
2026-01-19 16:01:26 [INFO] Running step: preprocess
2026-01-19 16:01:26 [INFO] Step preprocess finished in 0.43s
2026-01-19 16:01:26 [INFO] Running step: generate_dates
2026-01-19 16:01:29 [INFO] Step generate_dates finished in 2.66s
2026-01-19 16:01:29 [INFO] Running step: metrics_style
2026-01-19 16:02:26 [INFO] Step metrics_style finished in 56.96s
2026-01-19 16:02:26 [INFO] metrics_style stdout:
Setting up [LPIPS] perceptual loss: trunk [alex], v[0.1], spatial [off]
Loading model from: C:\Users\Ludwig Rivera\AppData\Roaming\Python\Python313\site-packages\lpips\weights\v0.1\alex.pth
Setting up [LPIPS] perceptual loss: trunk [alex], v[0.1], spatial [off]
Loading model from: C:\Users\Ludwig Rivera\AppData\Roaming\Python\Python313\site-packages\lpips\weights\v0.1\alex.pth
Setting up [LPIPS] perceptual loss: trunk [alex], v[0.1], spatial [off]
Loading model from: C:\Users\Ludwig Rivera\AppData\Roaming\Python\Python313\site-packages\lpips\weights\v0.1\alex.pth
Setting up [LPIPS] perceptual loss: trunk [alex], v[0.1], spatial [off]
Loading model from: C:\Users\Ludwig Rivera\AppData\Roaming\Python\Python313\site-packages\lpips\weights\v0.1\alex.pth
Setting up [LPIPS] perceptual loss: trunk [alex], v[0.1], spatial [off]
Loading model from: C:\Users\Ludwig Rivera\AppData\Roaming\Python\Python313\site-packages\lpips\weights\v0.1\alex.pth
Setting up [LPIPS] perceptual loss: trunk [alex], v[0.1], spatial [off]
Loading model from: C:\Users\Ludwig Rivera\AppData\Roaming\Python\Python313\site-packages\lpips\weights\v0.1\alex.pth
Setting up [LPIPS] perceptual loss: trunk [alex], v[0.1], spatial [off]
Loading model from: C:\Users\Ludwig Rivera\AppData\Roaming\Python\Python313\site-packages\lpips\weights\v0.1\alex.pth
Setting up [LPIPS] perceptual loss: trunk [alex], v[0.1], spatial [off]
Loading model from: C:\Users\Ludwig Rivera\AppData\Roaming\Python\Python313\site-packages\lpips\weights\v0.1\alex.pth
Setting up [LPIPS] perceptual loss: trunk [alex], v[0.1], spatial [off]
Loading model from: C:\Users\Ludwig Rivera\AppData\Roaming\Python\Python313\site-packages\lpips\weights\v0.1\alex.pth
Setting up [LPIPS] perceptual loss: trunk [alex], v[0.1], spatial [off]
Loading model from: C:\Users\Ludwig Rivera\AppData\Roaming\Python\Python313\site-packages\lpips\weights\v0.1\alex.pth
Setting up [LPIPS] perceptual loss: trunk [alex], v[0.1], spatial [off]
Loading model from: C:\Users\Ludwig Rivera\AppData\Roaming\Python\Python313\site-packages\lpips\weights\v0.1\alex.pth
Setting up [LPIPS] perceptual loss: trunk [alex], v[0.1], spatial [off]
Loading model from: C:\Users\Ludwig Rivera\AppData\Roaming\Python\Python313\site-packages\lpips\weights\v0.1\alex.pth
Setting up [LPIPS] perceptual loss: trunk [alex], v[0.1], spatial [off]
Loading model from: C:\Users\Ludwig Rivera\AppData\Roaming\Python\Python313\site-packages\lpips\weights\v0.1\alex.pth
Setting up [LPIPS] perceptual loss: trunk [alex], v[0.1], spatial [off]
Loading model from: C:\Users\Ludwig Rivera\AppData\Roaming\Python\Python313\site-packages\lpips\weights\v0.1\alex.pth
Setting up [LPIPS] perceptual loss: trunk [alex], v[0.1], spatial [off]
Loading model from: C:\Users\Ludwig Rivera\AppData\Roaming\Python\Python313\site-packages\lpips\weights\v0.1\alex.pth
Setting up [LPIPS] perceptual loss: trunk [alex], v[0.1], spatial [off]
Loading model from: C:\Users\Ludwig Rivera\AppData\Roaming\Python\Python313\site-packages\lpips\weights\v0.1\alex.pth
Setting up [LPIPS] perceptual loss: trunk [alex], v[0.1], spatial [off]
Loading model from: C:\Users\Ludwig Rivera\AppData\Roaming\Python\Python313\site-packages\lpips\weights\v0.1\alex.pth
Setting up [LPIPS] perceptual loss: trunk [alex], v[0.1], spatial [off]
Loading model from: C:\Users\Ludwig Rivera\AppData\Roaming\Python\Python313\site-packages\lpips\weights\v0.1\alex.pth
Setting up [LPIPS] perceptual loss: trunk [alex], v[0.1], spatial [off]
Loading model from: C:\Users\Ludwig Rivera\AppData\Roaming\Python\Python313\site-packages\lpips\weights\v0.1\alex.pth
Setting up [LPIPS] perceptual loss: trunk [alex], v[0.1], spatial [off]
Loading model from: C:\Users\Ludwig Rivera\AppData\Roaming\Python\Python313\site-packages\lpips\weights\v0.1\alex.pth
Setting up [LPIPS] perceptual loss: trunk [alex], v[0.1], spatial [off]
Loading model from: C:\Users\Ludwig Rivera\AppData\Roaming\Python\Python313\site-packages\lpips\weights\v0.1\alex.pth
Setting up [LPIPS] perceptual loss: trunk [alex], v[0.1], spatial [off]
Loading model from: C:\Users\Ludwig Rivera\AppData\Roaming\Python\Python313\site-packages\lpips\weights\v0.1\alex.pth
Setting up [LPIPS] perceptual loss: trunk [alex], v[0.1], spatial [off]
Loading model from: C:\Users\Ludwig Rivera\AppData\Roaming\Python\Python313\site-packages\lpips\weights\v0.1\alex.pth
Setting up [LPIPS] perceptual loss: trunk [alex], v[0.1], spatial [off]
Loading model from: C:\Users\Ludwig Rivera\AppData\Roaming\Python\Python313\site-packages\lpips\weights\v0.1\alex.pth
Setting up [LPIPS] perceptual loss: trunk [alex], v[0.1], spatial [off]
Loading model from: C:\Users\Ludwig Rivera\AppData\Roaming\Python\Python313\site-packages\lpips\weights\v0.1\alex.pth
Setting up [LPIPS] perceptual loss: trunk [alex], v[0.1], spatial [off]
Loading model from: C:\Users\Ludwig Rivera\AppData\Roaming\Python\Python313\site-packages\lpips\weights\v0.1\alex.pth
Setting up [LPIPS] perceptual loss: trunk [alex], v[0.1], spatial [off]
Loading model from: C:\Users\Ludwig Rivera\AppData\Roaming\Python\Python313\site-packages\lpips\weights\v0.1\alex.pth
Setting up [LPIPS] perceptual loss: trunk [alex], v[0.1], spatial [off]
Loading model from: C:\Users\Ludwig Rivera\AppData\Roaming\Python\Python313\site-packages\lpips\weights\v0.1\alex.pth
Setting up [LPIPS] perceptual loss: trunk [alex], v[0.1], spatial [off]
Loading model from: C:\Users\Ludwig Rivera\AppData\Roaming\Python\Python313\site-packages\lpips\weights\v0.1\alex.pth
Setting up [LPIPS] perceptual loss: trunk [alex], v[0.1], spatial [off]
Loading model from: C:\Users\Ludwig Rivera\AppData\Roaming\Python\Python313\site-packages\lpips\weights\v0.1\alex.pth
Setting up [LPIPS] perceptual loss: trunk [alex], v[0.1], spatial [off]
Loading model from: C:\Users\Ludwig Rivera\AppData\Roaming\Python\Python313\site-packages\lpips\weights\v0.1\alex.pth
Setting up [LPIPS] perceptual loss: trunk [alex], v[0.1], spatial [off]
Loading model from: C:\Users\Ludwig Rivera\AppData\Roaming\Python\Python313\site-packages\lpips\weights\v0.1\alex.pth
Setting up [LPIPS] perceptual loss: trunk [alex], v[0.1], spatial [off]
Loading model from: C:\Users\Ludwig Rivera\AppData\Roaming\Python\Python313\site-packages\lpips\weights\v0.1\alex.pth
Setting up [LPIPS] perceptual loss: trunk [alex], v[0.1], spatial [off]
Loading model from: C:\Users\Ludwig Rivera\AppData\Roaming\Python\Python313\site-packages\lpips\weights\v0.1\alex.pth
Setting up [LPIPS] perceptual loss: trunk [alex], v[0.1], spatial [off]
Loading model from: C:\Users\Ludwig Rivera\AppData\Roaming\Python\Python313\site-packages\lpips\weights\v0.1\alex.pth
Setting up [LPIPS] perceptual loss: trunk [alex], v[0.1], spatial [off]
Loading model from: C:\Users\Ludwig Rivera\AppData\Roaming\Python\Python313\site-packages\lpips\weights\v0.1\alex.pth
Setting up [LPIPS] perceptual loss: trunk [alex], v[0.1], spatial [off]
Loading model from: C:\Users\Ludwig Rivera\AppData\Roaming\Python\Python313\site-packages\lpips\weights\v0.1\alex.pth
Setting up [LPIPS] perceptual loss: trunk [alex], v[0.1], spatial [off]
Loading model from: C:\Users\Ludwig Rivera\AppData\Roaming\Python\Python313\site-packages\lpips\weights\v0.1\alex.pth
Setting up [LPIPS] perceptual loss: trunk [alex], v[0.1], spatial [off]
Loading model from: C:\Users\Ludwig Rivera\AppData\Roaming\Python\Python313\site-packages\lpips\weights\v0.1\alex.pth
Setting up [LPIPS] perceptual loss: trunk [alex], v[0.1], spatial [off]
Loading model from: C:\Users\Ludwig Rivera\AppData\Roaming\Python\Python313\site-packages\lpips\weights\v0.1\alex.pth
Setting up [LPIPS] perceptual loss: trunk [alex], v[0.1], spatial [off]
Loading model from: C:\Users\Ludwig Rivera\AppData\Roaming\Python\Python313\site-packages\lpips\weights\v0.1\alex.pth
Setting up [LPIPS] perceptual loss: trunk [alex], v[0.1], spatial [off]
Loading model from: C:\Users\Ludwig Rivera\AppData\Roaming\Python\Python313\site-packages\lpips\weights\v0.1\alex.pth
Setting up [LPIPS] perceptual loss: trunk [alex], v[0.1], spatial [off]
Loading model from: C:\Users\Ludwig Rivera\AppData\Roaming\Python\Python313\site-packages\lpips\weights\v0.1\alex.pth
Setting up [LPIPS] perceptual loss: trunk [alex], v[0.1], spatial [off]
Loading model from: C:\Users\Ludwig Rivera\AppData\Roaming\Python\Python313\site-packages\lpips\weights\v0.1\alex.pth
Setting up [LPIPS] perceptual loss: trunk [alex], v[0.1], spatial [off]
Loading model from: C:\Users\Ludwig Rivera\AppData\Roaming\Python\Python313\site-packages\lpips\weights\v0.1\alex.pth
Setting up [LPIPS] perceptual loss: trunk [alex], v[0.1], spatial [off]
Loading model from: C:\Users\Ludwig Rivera\AppData\Roaming\Python\Python313\site-packages\lpips\weights\v0.1\alex.pth
Setting up [LPIPS] perceptual loss: trunk [alex], v[0.1], spatial [off]
Loading model from: C:\Users\Ludwig Rivera\AppData\Roaming\Python\Python313\site-packages\lpips\weights\v0.1\alex.pth
Setting up [LPIPS] perceptual loss: trunk [alex], v[0.1], spatial [off]
Loading model from: C:\Users\Ludwig Rivera\AppData\Roaming\Python\Python313\site-packages\lpips\weights\v0.1\alex.pth
Setting up [LPIPS] perceptual loss: trunk [alex], v[0.1], spatial [off]
Loading model from: C:\Users\Ludwig Rivera\AppData\Roaming\Python\Python313\site-packages\lpips\weights\v0.1\alex.pth
Setting up [LPIPS] perceptual loss: trunk [alex], v[0.1], spatial [off]
Loading model from: C:\Users\Ludwig Rivera\AppData\Roaming\Python\Python313\site-packages\lpips\weights\v0.1\alex.pth
Setting up [LPIPS] perceptual loss: trunk [alex], v[0.1], spatial [off]
Loading model from: C:\Users\Ludwig Rivera\AppData\Roaming\Python\Python313\site-packages\lpips\weights\v0.1\alex.pth
Setting up [LPIPS] perceptual loss: trunk [alex], v[0.1], spatial [off]
Loading model from: C:\Users\Ludwig Rivera\AppData\Roaming\Python\Python313\site-packages\lpips\weights\v0.1\alex.pth
Setting up [LPIPS] perceptual loss: trunk [alex], v[0.1], spatial [off]
Loading model from: C:\Users\Ludwig Rivera\AppData\Roaming\Python\Python313\site-packages\lpips\weights\v0.1\alex.pth
Setting up [LPIPS] perceptual loss: trunk [alex], v[0.1], spatial [off]
Loading model from: C:\Users\Ludwig Rivera\AppData\Roaming\Python\Python313\site-packages\lpips\weights\v0.1\alex.pth
Setting up [LPIPS] perceptual loss: trunk [alex], v[0.1], spatial [off]
Loading model from: C:\Users\Ludwig Rivera\AppData\Roaming\Python\Python313\site-packages\lpips\weights\v0.1\alex.pth
Setting up [LPIPS] perceptual loss: trunk [alex], v[0.1], spatial [off]
Loading model from: C:\Users\Ludwig Rivera\AppData\Roaming\Python\Python313\site-packages\lpips\weights\v0.1\alex.pth
Setting up [LPIPS] perceptual loss: trunk [alex], v[0.1], spatial [off]
Loading model from: C:\Users\Ludwig Rivera\AppData\Roaming\Python\Python313\site-packages\lpips\weights\v0.1\alex.pth
Setting up [LPIPS] perceptual loss: trunk [alex], v[0.1], spatial [off]
Loading model from: C:\Users\Ludwig Rivera\AppData\Roaming\Python\Python313\site-packages\lpips\weights\v0.1\alex.pth
Setting up [LPIPS] perceptual loss: trunk [alex], v[0.1], spatial [off]
Loading model from: C:\Users\Ludwig Rivera\AppData\Roaming\Python\Python313\site-packages\lpips\weights\v0.1\alex.pth
Setting up [LPIPS] perceptual loss: trunk [alex], v[0.1], spatial [off]
Loading model from: C:\Users\Ludwig Rivera\AppData\Roaming\Python\Python313\site-packages\lpips\weights\v0.1\alex.pth
Setting up [LPIPS] perceptual loss: trunk [alex], v[0.1], spatial [off]
Loading model from: C:\Users\Ludwig Rivera\AppData\Roaming\Python\Python313\site-packages\lpips\weights\v0.1\alex.pth
Setting up [LPIPS] perceptual loss: trunk [alex], v[0.1], spatial [off]
Loading model from: C:\Users\Ludwig Rivera\AppData\Roaming\Python\Python313\site-packages\lpips\weights\v0.1\alex.pth
Setting up [LPIPS] perceptual loss: trunk [alex], v[0.1], spatial [off]
Loading model from: C:\Users\Ludwig Rivera\AppData\Roaming\Python\Python313\site-packages\lpips\weights\v0.1\alex.pth
Setting up [LPIPS] perceptual loss: trunk [alex], v[0.1], spatial [off]
Loading model from: C:\Users\Ludwig Rivera\AppData\Roaming\Python\Python313\site-packages\lpips\weights\v0.1\alex.pth
Setting up [LPIPS] perceptual loss: trunk [alex], v[0.1], spatial [off]
Loading model from: C:\Users\Ludwig Rivera\AppData\Roaming\Python\Python313\site-packages\lpips\weights\v0.1\alex.pth
Setting up [LPIPS] perceptual loss: trunk [alex], v[0.1], spatial [off]
Loading model from: C:\Users\Ludwig Rivera\AppData\Roaming\Python\Python313\site-packages\lpips\weights\v0.1\alex.pth
Setting up [LPIPS] perceptual loss: trunk [alex], v[0.1], spatial [off]
Loading model from: C:\Users\Ludwig Rivera\AppData\Roaming\Python\Python313\site-packages\lpips\weights\v0.1\alex.pth
Setting up [LPIPS] perceptual loss: trunk [alex], v[0.1], spatial [off]
Loading model from: C:\Users\Ludwig Rivera\AppData\Roaming\Python\Python313\site-packages\lpips\weights\v0.1\alex.pth
Setting up [LPIPS] perceptual loss: trunk [alex], v[0.1], spatial [off]
Loading model from: C:\Users\Ludwig Rivera\AppData\Roaming\Python\Python313\site-packages\lpips\weights\v0.1\alex.pth
Setting up [LPIPS] perceptual loss: trunk [alex], v[0.1], spatial [off]
Loading model from: C:\Users\Ludwig Rivera\AppData\Roaming\Python\Python313\site-packages\lpips\weights\v0.1\alex.pth
Setting up [LPIPS] perceptual loss: trunk [alex], v[0.1], spatial [off]
Loading model from: C:\Users\Ludwig Rivera\AppData\Roaming\Python\Python313\site-packages\lpips\weights\v0.1\alex.pth
Setting up [LPIPS] perceptual loss: trunk [alex], v[0.1], spatial [off]
Loading model from: C:\Users\Ludwig Rivera\AppData\Roaming\Python\Python313\site-packages\lpips\weights\v0.1\alex.pth
Setting up [LPIPS] perceptual loss: trunk [alex], v[0.1], spatial [off]
Loading model from: C:\Users\Ludwig Rivera\AppData\Roaming\Python\Python313\site-packages\lpips\weights\v0.1\alex.pth
Setting up [LPIPS] perceptual loss: trunk [alex], v[0.1], spatial [off]
Loading model from: C:\Users\Ludwig Rivera\AppData\Roaming\Python\Python313\site-packages\lpips\weights\v0.1\alex.pth
Setting up [LPIPS] perceptual loss: trunk [alex], v[0.1], spatial [off]
Loading model from: C:\Users\Ludwig Rivera\AppData\Roaming\Python\Python313\site-packages\lpips\weights\v0.1\alex.pth
Setting up [LPIPS] perceptual loss: trunk [alex], v[0.1], spatial [off]
Loading model from: C:\Users\Ludwig Rivera\AppData\Roaming\Python\Python313\site-packages\lpips\weights\v0.1\alex.pth
Setting up [LPIPS] perceptual loss: trunk [alex], v[0.1], spatial [off]
Loading model from: C:\Users\Ludwig Rivera\AppData\Roaming\Python\Python313\site-packages\lpips\weights\v0.1\alex.pth
Setting up [LPIPS] perceptual loss: trunk [alex], v[0.1], spatial [off]
Loading model from: C:\Users\Ludwig Rivera\AppData\Roaming\Python\Python313\site-packages\lpips\weights\v0.1\alex.pth
Setting up [LPIPS] perceptual loss: trunk [alex], v[0.1], spatial [off]
Loading model from: C:\Users\Ludwig Rivera\AppData\Roaming\Python\Python313\site-packages\lpips\weights\v0.1\alex.pth
Setting up [LPIPS] perceptual loss: trunk [alex], v[0.1], spatial [off]
Loading model from: C:\Users\Ludwig Rivera\AppData\Roaming\Python\Python313\site-packages\lpips\weights\v0.1\alex.pth
Setting up [LPIPS] perceptual loss: trunk [alex], v[0.1], spatial [off]
Loading model from: C:\Users\Ludwig Rivera\AppData\Roaming\Python\Python313\site-packages\lpips\weights\v0.1\alex.pth
Setting up [LPIPS] perceptual loss: trunk [alex], v[0.1], spatial [off]
Loading model from: C:\Users\Ludwig Rivera\AppData\Roaming\Python\Python313\site-packages\lpips\weights\v0.1\alex.pth
Setting up [LPIPS] perceptual loss: trunk [alex], v[0.1], spatial [off]
Loading model from: C:\Users\Ludwig Rivera\AppData\Roaming\Python\Python313\site-packages\lpips\weights\v0.1\alex.pth
Setting up [LPIPS] perceptual loss: trunk [alex], v[0.1], spatial [off]
Loading model from: C:\Users\Ludwig Rivera\AppData\Roaming\Python\Python313\site-packages\lpips\weights\v0.1\alex.pth
Setting up [LPIPS] perceptual loss: trunk [alex], v[0.1], spatial [off]
Loading model from: C:\Users\Ludwig Rivera\AppData\Roaming\Python\Python313\site-packages\lpips\weights\v0.1\alex.pth
Setting up [LPIPS] perceptual loss: trunk [alex], v[0.1], spatial [off]
Loading model from: C:\Users\Ludwig Rivera\AppData\Roaming\Python\Python313\site-packages\lpips\weights\v0.1\alex.pth
Setting up [LPIPS] perceptual loss: trunk [alex], v[0.1], spatial [off]
Loading model from: C:\Users\Ludwig Rivera\AppData\Roaming\Python\Python313\site-packages\lpips\weights\v0.1\alex.pth
Setting up [LPIPS] perceptual loss: trunk [alex], v[0.1], spatial [off]
Loading model from: C:\Users\Ludwig Rivera\AppData\Roaming\Python\Python313\site-packages\lpips\weights\v0.1\alex.pth
Setting up [LPIPS] perceptual loss: trunk [alex], v[0.1], spatial [off]
Loading model from: C:\Users\Ludwig Rivera\AppData\Roaming\Python\Python313\site-packages\lpips\weights\v0.1\alex.pth
Setting up [LPIPS] perceptual loss: trunk [alex], v[0.1], spatial [off]
Loading model from: C:\Users\Ludwig Rivera\AppData\Roaming\Python\Python313\site-packages\lpips\weights\v0.1\alex.pth

2026-01-19 16:02:26 [INFO] metrics_style stderr:
C:\Users\Ludwig Rivera\AppData\Roaming\Python\Python313\site-packages\torchvision\models\_utils.py:208: UserWarning: The parameter 'pretrained' is deprecated since 0.13 and may be removed in the future, please use 'weights' instead.
  warnings.warn(
C:\Users\Ludwig Rivera\AppData\Roaming\Python\Python313\site-packages\torchvision\models\_utils.py:223: UserWarning: Arguments other than a weight enum or `None` for 'weights' are deprecated since 0.13 and may be removed in the future. The current behavior is equivalent to passing `weights=AlexNet_Weights.IMAGENET1K_V1`. You can also use `weights=AlexNet_Weights.DEFAULT` to get the most up-to-date weights.
  warnings.warn(msg)

2026-01-19 16:02:26 [INFO] Running step: metrics_diversity
2026-01-19 16:02:28 [INFO] Step metrics_diversity finished in 1.57s
2026-01-19 16:02:28 [INFO] Running step: metrics_ocr
2026-01-19 16:02:29 [INFO] Step metrics_ocr finished in 1.56s
2026-01-19 16:02:29 [INFO] Running step: metrics_layout
2026-01-19 16:02:30 [INFO] Step metrics_layout finished in 0.40s
2026-01-19 16:02:30 [INFO] Running step: metrics_artifacts
2026-01-19 16:02:31 [INFO] Step metrics_artifacts finished in 0.95s
2026-01-19 16:02:31 [INFO] Running step: report_builder
2026-01-19 16:02:31 [INFO] Step report_builder finished in 0.36s
2026-01-19 16:02:31 [INFO] Generation throughput: 33.78 images/sec
