2026-01-19 15:57:34 [INFO] Running step: scan_datasets
2026-01-19 15:57:34 [INFO] Step scan_datasets finished in 0.20s
2026-01-19 15:57:34 [INFO] Running step: preprocess
2026-01-19 15:57:35 [INFO] Step preprocess finished in 0.41s
2026-01-19 15:57:35 [INFO] Running step: generate_dates
2026-01-19 15:57:37 [INFO] Step generate_dates finished in 2.54s
2026-01-19 15:57:37 [INFO] Running step: metrics_style
2026-01-19 15:58:34 [INFO] Step metrics_style finished in 56.45s
2026-01-19 15:58:34 [INFO] metrics_style stdout:
Setting up [LPIPS] perceptual loss: trunk [alex], v[0.1], spatial [off]
Loading model from: C:\Users\Ludwig Rivera\AppData\Roaming\Python\Python313\site-packages\lpips\weights\v0.1\alex.pth
Setting up [LPIPS] perceptual loss: trunk [alex], v[0.1], spatial [off]
Loading model from: C:\Users\Ludwig Rivera\AppData\Roaming\Python\Python313\site-packages\lpips\weights\v0.1\alex.pth
Setting up [LPIPS] perceptual loss: trunk [alex], v[0.1], spatial [off]
Loading model from: C:\Users\Ludwig Rivera\AppData\Roaming\Python\Python313\site-packages\lpips\weights\v0.1\alex.pth
Setting up [LPIPS] perceptual loss: trunk [alex], v[0.1], spatial [off]
Loading model from: C:\Users\Ludwig Rivera\AppData\Roaming\Python\Python313\site-packages\lpips\weights\v0.1\alex.pth
Setting up [LPIPS] perceptual loss: trunk [alex], v[0.1], spatial [off]
Loading model from: C:\Users\Ludwig Rivera\AppData\Roaming\Python\Python313\site-packages\lpips\weights\v0.1\alex.pth
Setting up [LPIPS] perceptual loss: trunk [alex], v[0.1], spatial [off]
Loading model from: C:\Users\Ludwig Rivera\AppData\Roaming\Python\Python313\site-packages\lpips\weights\v0.1\alex.pth
Setting up [LPIPS] perceptual loss: trunk [alex], v[0.1], spatial [off]
Loading model from: C:\Users\Ludwig Rivera\AppData\Roaming\Python\Python313\site-packages\lpips\weights\v0.1\alex.pth
Setting up [LPIPS] perceptual loss: trunk [alex], v[0.1], spatial [off]
Loading model from: C:\Users\Ludwig Rivera\AppData\Roaming\Python\Python313\site-packages\lpips\weights\v0.1\alex.pth
Setting up [LPIPS] perceptual loss: trunk [alex], v[0.1], spatial [off]
Loading model from: C:\Users\Ludwig Rivera\AppData\Roaming\Python\Python313\site-packages\lpips\weights\v0.1\alex.pth
Setting up [LPIPS] perceptual loss: trunk [alex], v[0.1], spatial [off]
Loading model from: C:\Users\Ludwig Rivera\AppData\Roaming\Python\Python313\site-packages\lpips\weights\v0.1\alex.pth
Setting up [LPIPS] perceptual loss: trunk [alex], v[0.1], spatial [off]
Loading model from: C:\Users\Ludwig Rivera\AppData\Roaming\Python\Python313\site-packages\lpips\weights\v0.1\alex.pth
Setting up [LPIPS] perceptual loss: trunk [alex], v[0.1], spatial [off]
Loading model from: C:\Users\Ludwig Rivera\AppData\Roaming\Python\Python313\site-packages\lpips\weights\v0.1\alex.pth
Setting up [LPIPS] perceptual loss: trunk [alex], v[0.1], spatial [off]
Loading model from: C:\Users\Ludwig Rivera\AppData\Roaming\Python\Python313\site-packages\lpips\weights\v0.1\alex.pth
Setting up [LPIPS] perceptual loss: trunk [alex], v[0.1], spatial [off]
Loading model from: C:\Users\Ludwig Rivera\AppData\Roaming\Python\Python313\site-packages\lpips\weights\v0.1\alex.pth
Setting up [LPIPS] perceptual loss: trunk [alex], v[0.1], spatial [off]
Loading model from: C:\Users\Ludwig Rivera\AppData\Roaming\Python\Python313\site-packages\lpips\weights\v0.1\alex.pth
Setting up [LPIPS] perceptual loss: trunk [alex], v[0.1], spatial [off]
Loading model from: C:\Users\Ludwig Rivera\AppData\Roaming\Python\Python313\site-packages\lpips\weights\v0.1\alex.pth
Setting up [LPIPS] perceptual loss: trunk [alex], v[0.1], spatial [off]
Loading model from: C:\Users\Ludwig Rivera\AppData\Roaming\Python\Python313\site-packages\lpips\weights\v0.1\alex.pth
Setting up [LPIPS] perceptual loss: trunk [alex], v[0.1], spatial [off]
Loading model from: C:\Users\Ludwig Rivera\AppData\Roaming\Python\Python313\site-packages\lpips\weights\v0.1\alex.pth
Setting up [LPIPS] perceptual loss: trunk [alex], v[0.1], spatial [off]
Loading model from: C:\Users\Ludwig Rivera\AppData\Roaming\Python\Python313\site-packages\lpips\weights\v0.1\alex.pth
Setting up [LPIPS] perceptual loss: trunk [alex], v[0.1], spatial [off]
Loading model from: C:\Users\Ludwig Rivera\AppData\Roaming\Python\Python313\site-packages\lpips\weights\v0.1\alex.pth
Setting up [LPIPS] perceptual loss: trunk [alex], v[0.1], spatial [off]
Loading model from: C:\Users\Ludwig Rivera\AppData\Roaming\Python\Python313\site-packages\lpips\weights\v0.1\alex.pth
Setting up [LPIPS] perceptual loss: trunk [alex], v[0.1], spatial [off]
Loading model from: C:\Users\Ludwig Rivera\AppData\Roaming\Python\Python313\site-packages\lpips\weights\v0.1\alex.pth
Setting up [LPIPS] perceptual loss: trunk [alex], v[0.1], spatial [off]
Loading model from: C:\Users\Ludwig Rivera\AppData\Roaming\Python\Python313\site-packages\lpips\weights\v0.1\alex.pth
Setting up [LPIPS] perceptual loss: trunk [alex], v[0.1], spatial [off]
Loading model from: C:\Users\Ludwig Rivera\AppData\Roaming\Python\Python313\site-packages\lpips\weights\v0.1\alex.pth
Setting up [LPIPS] perceptual loss: trunk [alex], v[0.1], spatial [off]
Loading model from: C:\Users\Ludwig Rivera\AppData\Roaming\Python\Python313\site-packages\lpips\weights\v0.1\alex.pth
Setting up [LPIPS] perceptual loss: trunk [alex], v[0.1], spatial [off]
Loading model from: C:\Users\Ludwig Rivera\AppData\Roaming\Python\Python313\site-packages\lpips\weights\v0.1\alex.pth
Setting up [LPIPS] perceptual loss: trunk [alex], v[0.1], spatial [off]
Loading model from: C:\Users\Ludwig Rivera\AppData\Roaming\Python\Python313\site-packages\lpips\weights\v0.1\alex.pth
Setting up [LPIPS] perceptual loss: trunk [alex], v[0.1], spatial [off]
Loading model from: C:\Users\Ludwig Rivera\AppData\Roaming\Python\Python313\site-packages\lpips\weights\v0.1\alex.pth
Setting up [LPIPS] perceptual loss: trunk [alex], v[0.1], spatial [off]
Loading model from: C:\Users\Ludwig Rivera\AppData\Roaming\Python\Python313\site-packages\lpips\weights\v0.1\alex.pth
Setting up [LPIPS] perceptual loss: trunk [alex], v[0.1], spatial [off]
Loading model from: C:\Users\Ludwig Rivera\AppData\Roaming\Python\Python313\site-packages\lpips\weights\v0.1\alex.pth
Setting up [LPIPS] perceptual loss: trunk [alex], v[0.1], spatial [off]
Loading model from: C:\Users\Ludwig Rivera\AppData\Roaming\Python\Python313\site-packages\lpips\weights\v0.1\alex.pth
Setting up [LPIPS] perceptual loss: trunk [alex], v[0.1], spatial [off]
Loading model from: C:\Users\Ludwig Rivera\AppData\Roaming\Python\Python313\site-packages\lpips\weights\v0.1\alex.pth
Setting up [LPIPS] perceptual loss: trunk [alex], v[0.1], spatial [off]
Loading model from: C:\Users\Ludwig Rivera\AppData\Roaming\Python\Python313\site-packages\lpips\weights\v0.1\alex.pth
Setting up [LPIPS] perceptual loss: trunk [alex], v[0.1], spatial [off]
Loading model from: C:\Users\Ludwig Rivera\AppData\Roaming\Python\Python313\site-packages\lpips\weights\v0.1\alex.pth
Setting up [LPIPS] perceptual loss: trunk [alex], v[0.1], spatial [off]
Loading model from: C:\Users\Ludwig Rivera\AppData\Roaming\Python\Python313\site-packages\lpips\weights\v0.1\alex.pth
Setting up [LPIPS] perceptual loss: trunk [alex], v[0.1], spatial [off]
Loading model from: C:\Users\Ludwig Rivera\AppData\Roaming\Python\Python313\site-packages\lpips\weights\v0.1\alex.pth
Setting up [LPIPS] perceptual loss: trunk [alex], v[0.1], spatial [off]
Loading model from: C:\Users\Ludwig Rivera\AppData\Roaming\Python\Python313\site-packages\lpips\weights\v0.1\alex.pth
Setting up [LPIPS] perceptual loss: trunk [alex], v[0.1], spatial [off]
Loading model from: C:\Users\Ludwig Rivera\AppData\Roaming\Python\Python313\site-packages\lpips\weights\v0.1\alex.pth
Setting up [LPIPS] perceptual loss: trunk [alex], v[0.1], spatial [off]
Loading model from: C:\Users\Ludwig Rivera\AppData\Roaming\Python\Python313\site-packages\lpips\weights\v0.1\alex.pth
Setting up [LPIPS] perceptual loss: trunk [alex], v[0.1], spatial [off]
Loading model from: C:\Users\Ludwig Rivera\AppData\Roaming\Python\Python313\site-packages\lpips\weights\v0.1\alex.pth
Setting up [LPIPS] perceptual loss: trunk [alex], v[0.1], spatial [off]
Loading model from: C:\Users\Ludwig Rivera\AppData\Roaming\Python\Python313\site-packages\lpips\weights\v0.1\alex.pth
Setting up [LPIPS] perceptual loss: trunk [alex], v[0.1], spatial [off]
Loading model from: C:\Users\Ludwig Rivera\AppData\Roaming\Python\Python313\site-packages\lpips\weights\v0.1\alex.pth
Setting up [LPIPS] perceptual loss: trunk [alex], v[0.1], spatial [off]
Loading model from: C:\Users\Ludwig Rivera\AppData\Roaming\Python\Python313\site-packages\lpips\weights\v0.1\alex.pth
Setting up [LPIPS] perceptual loss: trunk [alex], v[0.1], spatial [off]
Loading model from: C:\Users\Ludwig Rivera\AppData\Roaming\Python\Python313\site-packages\lpips\weights\v0.1\alex.pth
Setting up [LPIPS] perceptual loss: trunk [alex], v[0.1], spatial [off]
Loading model from: C:\Users\Ludwig Rivera\AppData\Roaming\Python\Python313\site-packages\lpips\weights\v0.1\alex.pth
Setting up [LPIPS] perceptual loss: trunk [alex], v[0.1], spatial [off]
Loading model from: C:\Users\Ludwig Rivera\AppData\Roaming\Python\Python313\site-packages\lpips\weights\v0.1\alex.pth
Setting up [LPIPS] perceptual loss: trunk [alex], v[0.1], spatial [off]
Loading model from: C:\Users\Ludwig Rivera\AppData\Roaming\Python\Python313\site-packages\lpips\weights\v0.1\alex.pth
Setting up [LPIPS] perceptual loss: trunk [alex], v[0.1], spatial [off]
Loading model from: C:\Users\Ludwig Rivera\AppData\Roaming\Python\Python313\site-packages\lpips\weights\v0.1\alex.pth
Setting up [LPIPS] perceptual loss: trunk [alex], v[0.1], spatial [off]
Loading model from: C:\Users\Ludwig Rivera\AppData\Roaming\Python\Python313\site-packages\lpips\weights\v0.1\alex.pth
Setting up [LPIPS] perceptual loss: trunk [alex], v[0.1], spatial [off]
Loading model from: C:\Users\Ludwig Rivera\AppData\Roaming\Python\Python313\site-packages\lpips\weights\v0.1\alex.pth
Setting up [LPIPS] perceptual loss: trunk [alex], v[0.1], spatial [off]
Loading model from: C:\Users\Ludwig Rivera\AppData\Roaming\Python\Python313\site-packages\lpips\weights\v0.1\alex.pth
Setting up [LPIPS] perceptual loss: trunk [alex], v[0.1], spatial [off]
Loading model from: C:\Users\Ludwig Rivera\AppData\Roaming\Python\Python313\site-packages\lpips\weights\v0.1\alex.pth
Setting up [LPIPS] perceptual loss: trunk [alex], v[0.1], spatial [off]
Loading model from: C:\Users\Ludwig Rivera\AppData\Roaming\Python\Python313\site-packages\lpips\weights\v0.1\alex.pth
Setting up [LPIPS] perceptual loss: trunk [alex], v[0.1], spatial [off]
Loading model from: C:\Users\Ludwig Rivera\AppData\Roaming\Python\Python313\site-packages\lpips\weights\v0.1\alex.pth
Setting up [LPIPS] perceptual loss: trunk [alex], v[0.1], spatial [off]
Loading model from: C:\Users\Ludwig Rivera\AppData\Roaming\Python\Python313\site-packages\lpips\weights\v0.1\alex.pth
Setting up [LPIPS] perceptual loss: trunk [alex], v[0.1], spatial [off]
Loading model from: C:\Users\Ludwig Rivera\AppData\Roaming\Python\Python313\site-packages\lpips\weights\v0.1\alex.pth
Setting up [LPIPS] perceptual loss: trunk [alex], v[0.1], spatial [off]
Loading model from: C:\Users\Ludwig Rivera\AppData\Roaming\Python\Python313\site-packages\lpips\weights\v0.1\alex.pth
Setting up [LPIPS] perceptual loss: trunk [alex], v[0.1], spatial [off]
Loading model from: C:\Users\Ludwig Rivera\AppData\Roaming\Python\Python313\site-packages\lpips\weights\v0.1\alex.pth
Setting up [LPIPS] perceptual loss: trunk [alex], v[0.1], spatial [off]
Loading model from: C:\Users\Ludwig Rivera\AppData\Roaming\Python\Python313\site-packages\lpips\weights\v0.1\alex.pth
Setting up [LPIPS] perceptual loss: trunk [alex], v[0.1], spatial [off]
Loading model from: C:\Users\Ludwig Rivera\AppData\Roaming\Python\Python313\site-packages\lpips\weights\v0.1\alex.pth
Setting up [LPIPS] perceptual loss: trunk [alex], v[0.1], spatial [off]
Loading model from: C:\Users\Ludwig Rivera\AppData\Roaming\Python\Python313\site-packages\lpips\weights\v0.1\alex.pth
Setting up [LPIPS] perceptual loss: trunk [alex], v[0.1], spatial [off]
Loading model from: C:\Users\Ludwig Rivera\AppData\Roaming\Python\Python313\site-packages\lpips\weights\v0.1\alex.pth
Setting up [LPIPS] perceptual loss: trunk [alex], v[0.1], spatial [off]
Loading model from: C:\Users\Ludwig Rivera\AppData\Roaming\Python\Python313\site-packages\lpips\weights\v0.1\alex.pth
Setting up [LPIPS] perceptual loss: trunk [alex], v[0.1], spatial [off]
Loading model from: C:\Users\Ludwig Rivera\AppData\Roaming\Python\Python313\site-packages\lpips\weights\v0.1\alex.pth
Setting up [LPIPS] perceptual loss: trunk [alex], v[0.1], spatial [off]
Loading model from: C:\Users\Ludwig Rivera\AppData\Roaming\Python\Python313\site-packages\lpips\weights\v0.1\alex.pth
Setting up [LPIPS] perceptual loss: trunk [alex], v[0.1], spatial [off]
Loading model from: C:\Users\Ludwig Rivera\AppData\Roaming\Python\Python313\site-packages\lpips\weights\v0.1\alex.pth
Setting up [LPIPS] perceptual loss: trunk [alex], v[0.1], spatial [off]
Loading model from: C:\Users\Ludwig Rivera\AppData\Roaming\Python\Python313\site-packages\lpips\weights\v0.1\alex.pth
Setting up [LPIPS] perceptual loss: trunk [alex], v[0.1], spatial [off]
Loading model from: C:\Users\Ludwig Rivera\AppData\Roaming\Python\Python313\site-packages\lpips\weights\v0.1\alex.pth
Setting up [LPIPS] perceptual loss: trunk [alex], v[0.1], spatial [off]
Loading model from: C:\Users\Ludwig Rivera\AppData\Roaming\Python\Python313\site-packages\lpips\weights\v0.1\alex.pth
Setting up [LPIPS] perceptual loss: trunk [alex], v[0.1], spatial [off]
Loading model from: C:\Users\Ludwig Rivera\AppData\Roaming\Python\Python313\site-packages\lpips\weights\v0.1\alex.pth
Setting up [LPIPS] perceptual loss: trunk [alex], v[0.1], spatial [off]
Loading model from: C:\Users\Ludwig Rivera\AppData\Roaming\Python\Python313\site-packages\lpips\weights\v0.1\alex.pth
Setting up [LPIPS] perceptual loss: trunk [alex], v[0.1], spatial [off]
Loading model from: C:\Users\Ludwig Rivera\AppData\Roaming\Python\Python313\site-packages\lpips\weights\v0.1\alex.pth
Setting up [LPIPS] perceptual loss: trunk [alex], v[0.1], spatial [off]
Loading model from: C:\Users\Ludwig Rivera\AppData\Roaming\Python\Python313\site-packages\lpips\weights\v0.1\alex.pth
Setting up [LPIPS] perceptual loss: trunk [alex], v[0.1], spatial [off]
Loading model from: C:\Users\Ludwig Rivera\AppData\Roaming\Python\Python313\site-packages\lpips\weights\v0.1\alex.pth
Setting up [LPIPS] perceptual loss: trunk [alex], v[0.1], spatial [off]
Loading model from: C:\Users\Ludwig Rivera\AppData\Roaming\Python\Python313\site-packages\lpips\weights\v0.1\alex.pth
Setting up [LPIPS] perceptual loss: trunk [alex], v[0.1], spatial [off]
Loading model from: C:\Users\Ludwig Rivera\AppData\Roaming\Python\Python313\site-packages\lpips\weights\v0.1\alex.pth
Setting up [LPIPS] perceptual loss: trunk [alex], v[0.1], spatial [off]
Loading model from: C:\Users\Ludwig Rivera\AppData\Roaming\Python\Python313\site-packages\lpips\weights\v0.1\alex.pth
Setting up [LPIPS] perceptual loss: trunk [alex], v[0.1], spatial [off]
Loading model from: C:\Users\Ludwig Rivera\AppData\Roaming\Python\Python313\site-packages\lpips\weights\v0.1\alex.pth
Setting up [LPIPS] perceptual loss: trunk [alex], v[0.1], spatial [off]
Loading model from: C:\Users\Ludwig Rivera\AppData\Roaming\Python\Python313\site-packages\lpips\weights\v0.1\alex.pth
Setting up [LPIPS] perceptual loss: trunk [alex], v[0.1], spatial [off]
Loading model from: C:\Users\Ludwig Rivera\AppData\Roaming\Python\Python313\site-packages\lpips\weights\v0.1\alex.pth
Setting up [LPIPS] perceptual loss: trunk [alex], v[0.1], spatial [off]
Loading model from: C:\Users\Ludwig Rivera\AppData\Roaming\Python\Python313\site-packages\lpips\weights\v0.1\alex.pth
Setting up [LPIPS] perceptual loss: trunk [alex], v[0.1], spatial [off]
Loading model from: C:\Users\Ludwig Rivera\AppData\Roaming\Python\Python313\site-packages\lpips\weights\v0.1\alex.pth
Setting up [LPIPS] perceptual loss: trunk [alex], v[0.1], spatial [off]
Loading model from: C:\Users\Ludwig Rivera\AppData\Roaming\Python\Python313\site-packages\lpips\weights\v0.1\alex.pth
Setting up [LPIPS] perceptual loss: trunk [alex], v[0.1], spatial [off]
Loading model from: C:\Users\Ludwig Rivera\AppData\Roaming\Python\Python313\site-packages\lpips\weights\v0.1\alex.pth
Setting up [LPIPS] perceptual loss: trunk [alex], v[0.1], spatial [off]
Loading model from: C:\Users\Ludwig Rivera\AppData\Roaming\Python\Python313\site-packages\lpips\weights\v0.1\alex.pth
Setting up [LPIPS] perceptual loss: trunk [alex], v[0.1], spatial [off]
Loading model from: C:\Users\Ludwig Rivera\AppData\Roaming\Python\Python313\site-packages\lpips\weights\v0.1\alex.pth
Setting up [LPIPS] perceptual loss: trunk [alex], v[0.1], spatial [off]
Loading model from: C:\Users\Ludwig Rivera\AppData\Roaming\Python\Python313\site-packages\lpips\weights\v0.1\alex.pth
Setting up [LPIPS] perceptual loss: trunk [alex], v[0.1], spatial [off]
Loading model from: C:\Users\Ludwig Rivera\AppData\Roaming\Python\Python313\site-packages\lpips\weights\v0.1\alex.pth
Setting up [LPIPS] perceptual loss: trunk [alex], v[0.1], spatial [off]
Loading model from: C:\Users\Ludwig Rivera\AppData\Roaming\Python\Python313\site-packages\lpips\weights\v0.1\alex.pth
Setting up [LPIPS] perceptual loss: trunk [alex], v[0.1], spatial [off]
Loading model from: C:\Users\Ludwig Rivera\AppData\Roaming\Python\Python313\site-packages\lpips\weights\v0.1\alex.pth

2026-01-19 15:58:34 [INFO] metrics_style stderr:
C:\Users\Ludwig Rivera\AppData\Roaming\Python\Python313\site-packages\torchvision\models\_utils.py:208: UserWarning: The parameter 'pretrained' is deprecated since 0.13 and may be removed in the future, please use 'weights' instead.
  warnings.warn(
C:\Users\Ludwig Rivera\AppData\Roaming\Python\Python313\site-packages\torchvision\models\_utils.py:223: UserWarning: Arguments other than a weight enum or `None` for 'weights' are deprecated since 0.13 and may be removed in the future. The current behavior is equivalent to passing `weights=AlexNet_Weights.IMAGENET1K_V1`. You can also use `weights=AlexNet_Weights.DEFAULT` to get the most up-to-date weights.
  warnings.warn(msg)

2026-01-19 15:58:34 [INFO] Running step: metrics_diversity
2026-01-19 15:58:35 [INFO] Step metrics_diversity finished in 1.25s
2026-01-19 15:58:35 [INFO] Running step: metrics_ocr
2026-01-19 15:58:37 [INFO] Step metrics_ocr finished in 1.83s
2026-01-19 15:58:37 [INFO] Running step: metrics_layout
2026-01-19 15:58:37 [INFO] Step metrics_layout finished in 0.47s
2026-01-19 15:58:37 [INFO] Running step: metrics_artifacts
2026-01-19 15:58:37 [INFO] Step metrics_artifacts finished in 0.21s
2026-01-19 15:58:37 [INFO] metrics_artifacts stderr:
Traceback (most recent call last):
  File "C:\Users\Ludwig Rivera\Downloads\Dl Gen\Dlgeneratorappredesign\tools\metrics_artifacts.py", line 77, in <module>
    main()
    ~~~~^^
  File "C:\Users\Ludwig Rivera\Downloads\Dl Gen\Dlgeneratorappredesign\tools\metrics_artifacts.py", line 56, in main
    lap_var = laplacian_variance(img)
  File "C:\Users\Ludwig Rivera\Downloads\Dl Gen\Dlgeneratorappredesign\tools\utils_image.py", line 145, in laplacian_variance
    import cv2
ModuleNotFoundError: No module named 'cv2'

2026-01-19 15:58:37 [ERROR] Stress test failed: Step metrics_artifacts failed with code 1
